Information: Updating graph... (UID-83)
 
****************************************
Report : area
Design : BusController
Version: E-2010.12-SP2
Date   : Tue Jun 30 16:56:03 2020
****************************************

Information: Updating design information... (UID-85)
Library(s) Used:

    NangateOpenCellLibrary (File: /usr/flow/designkits/synthesis/nangate_45nm/NangateopenCellLibrary_typical.db)

Number of ports:                           23
Number of nets:                            61
Number of cells:                           49
Number of combinational cells:             46
Number of sequential cells:                 3
Number of macros:                           0
Number of buf/inv:                         13
Number of references:                      14

Combinational area:         44.954000
Noncombinational area:      13.566000
Net Interconnect area:      undefined  (Wire load has zero net area)

Total cell area:            58.520000
Total area:                 undefined

Hierarchical area distribution
------------------------------

                                  Global cell area          Local cell area
                                  ------------------  --------------------------- 
Hierarchical cell                 Absolute   Percent  Combi-    Noncombi-  Black
                                  Total      Total    national  national   boxes   Design
--------------------------------  ---------  -------  --------  ---------  ------  ---------
BusController                       58.5200    100.0   44.9540    13.5660  0.0000  BusController
--------------------------------  ---------  -------  --------  ---------  ------  ---------
Total                                                  44.9540    13.5660  0.0000

1
