Information: Updating graph... (UID-83)
 
****************************************
Report : area
Design : FSM
Version: E-2010.12-SP2
Date   : Tue Jun 30 16:40:24 2020
****************************************

Information: Updating design information... (UID-85)
Library(s) Used:

    NangateOpenCellLibrary (File: /usr/flow/designkits/synthesis/nangate_45nm/NangateopenCellLibrary_typical.db)

Number of ports:                           20
Number of nets:                            52
Number of cells:                           38
Number of combinational cells:             34
Number of sequential cells:                 4
Number of macros:                           0
Number of buf/inv:                          7
Number of references:                      14

Combinational area:         35.910001
Noncombinational area:      18.087999
Net Interconnect area:      undefined  (Wire load has zero net area)

Total cell area:            53.998000
Total area:                 undefined

Hierarchical area distribution
------------------------------

                                  Global cell area          Local cell area
                                  ------------------  --------------------------- 
Hierarchical cell                 Absolute   Percent  Combi-    Noncombi-  Black
                                  Total      Total    national  national   boxes   Design
--------------------------------  ---------  -------  --------  ---------  ------  ---------
FSM                                 53.9980    100.0   35.9100    18.0880  0.0000  FSM
--------------------------------  ---------  -------  --------  ---------  ------  ---------
Total                                                  35.9100    18.0880  0.0000

1
