Information: Updating graph... (UID-83)
 
****************************************
Report : area
Design : BusController
Version: E-2010.12-SP2
Date   : Tue Jul 14 14:56:01 2020
****************************************

Information: Updating design information... (UID-85)
Library(s) Used:

    NangateOpenCellLibrary (File: /usr/flow/designkits/synthesis/nangate_45nm/NangateopenCellLibrary_typical.db)

Number of ports:                           23
Number of nets:                            64
Number of cells:                           52
Number of combinational cells:             49
Number of sequential cells:                 3
Number of macros:                           0
Number of buf/inv:                         12
Number of references:                      15

Combinational area:         47.614000
Noncombinational area:      13.566000
Net Interconnect area:      undefined  (Wire load has zero net area)

Total cell area:            61.180000
Total area:                 undefined

Hierarchical area distribution
------------------------------

                                  Global cell area          Local cell area
                                  ------------------  --------------------------- 
Hierarchical cell                 Absolute   Percent  Combi-    Noncombi-  Black
                                  Total      Total    national  national   boxes   Design
--------------------------------  ---------  -------  --------  ---------  ------  ---------
BusController                       61.1800    100.0   47.6140    13.5660  0.0000  BusController
--------------------------------  ---------  -------  --------  ---------  ------  ---------
Total                                                  47.6140    13.5660  0.0000

1
