Information: Updating graph... (UID-83)
 
****************************************
Report : area
Design : FSM
Version: E-2010.12-SP2
Date   : Tue Jul 14 14:55:12 2020
****************************************

Information: Updating design information... (UID-85)
Library(s) Used:

    NangateOpenCellLibrary (File: /usr/flow/designkits/synthesis/nangate_45nm/NangateopenCellLibrary_typical.db)

Number of ports:                           20
Number of nets:                            58
Number of cells:                           44
Number of combinational cells:             40
Number of sequential cells:                 4
Number of macros:                           0
Number of buf/inv:                          7
Number of references:                      15

Combinational area:         42.028000
Noncombinational area:      18.087999
Net Interconnect area:      undefined  (Wire load has zero net area)

Total cell area:            60.116000
Total area:                 undefined

Hierarchical area distribution
------------------------------

                                  Global cell area          Local cell area
                                  ------------------  --------------------------- 
Hierarchical cell                 Absolute   Percent  Combi-    Noncombi-  Black
                                  Total      Total    national  national   boxes   Design
--------------------------------  ---------  -------  --------  ---------  ------  ---------
FSM                                 60.1160    100.0   42.0280    18.0880  0.0000  FSM
--------------------------------  ---------  -------  --------  ---------  ------  ---------
Total                                                  42.0280    18.0880  0.0000

1
